2025-11-28 23:28:42.486 | INFO     | data_fetcher:__init__:102 - Initialized DataFetcher for 4 tickers
2025-11-28 23:28:42.487 | INFO     | data_fetcher:fetch_historical_data:136 - Loading data from cache: data\raw\AAPL_AMZN_GOOGL_MSFT_2024-11-28_2025-11-28.parquet
2025-11-28 23:28:42.531 | SUCCESS  | data_fetcher:fetch_historical_data:139 - ✓ Loaded 249 days from cache
2025-11-28 23:28:42.533 | INFO     | data_fetcher:_calculate_returns:253 - ✓ Calculated returns for 248 trading days
2025-11-28 23:28:42.558 | INFO     | monte_carlo_engine:__init__:118 - Initialized Monte Carlo Simulator
2025-11-28 23:28:42.558 | INFO     | monte_carlo_engine:__init__:119 - Assets: 4, Simulations: 10,000
2025-11-28 23:28:42.558 | INFO     | monte_carlo_engine:generate_random_portfolios:128 - Starting Monte Carlo simulation with 10,000 iterations...
2025-11-28 23:28:42.794 | INFO     | monte_carlo_engine:generate_random_portfolios:155 -   Progress: 2,000/10,000 (20.0%)
2025-11-28 23:28:43.023 | INFO     | monte_carlo_engine:generate_random_portfolios:155 -   Progress: 4,000/10,000 (40.0%)
2025-11-28 23:28:43.260 | INFO     | monte_carlo_engine:generate_random_portfolios:155 -   Progress: 6,000/10,000 (60.0%)
2025-11-28 23:28:43.494 | INFO     | monte_carlo_engine:generate_random_portfolios:155 -   Progress: 8,000/10,000 (80.0%)
2025-11-28 23:28:43.731 | INFO     | monte_carlo_engine:generate_random_portfolios:155 -   Progress: 10,000/10,000 (100.0%)
2025-11-28 23:28:43.732 | SUCCESS  | monte_carlo_engine:generate_random_portfolios:192 - ✓ Simulation complete in 1.17 seconds
2025-11-28 23:28:43.735 | INFO     | monte_carlo_engine:simulate_portfolio_paths:241 - Simulating 1,000 portfolio paths over 252 days...
2025-11-28 23:28:43.774 | SUCCESS  | monte_carlo_engine:simulate_portfolio_paths:301 - ✓ Portfolio paths simulated successfully
2025-11-28 23:28:43.778 | INFO     | __main__:__init__:159 - Initialized Risk Calculator
2025-11-28 23:28:43.778 | INFO     | __main__:generate_comprehensive_report:521 - Generating comprehensive risk report...
2025-11-28 23:28:43.785 | INFO     | __main__:stress_test:431 - Running stress tests...
2025-11-28 23:28:43.787 | SUCCESS  | __main__:stress_test:463 - ✓ Completed 6 stress test scenarios
2025-11-28 23:30:17.007 | INFO     | data_fetcher:__init__:102 - Initialized DataFetcher for 4 tickers
2025-11-28 23:30:17.008 | INFO     | data_fetcher:fetch_historical_data:136 - Loading data from cache: data\raw\AAPL_AMZN_GOOGL_MSFT_2024-11-28_2025-11-28.parquet
2025-11-28 23:30:17.054 | SUCCESS  | data_fetcher:fetch_historical_data:139 - ✓ Loaded 249 days from cache
2025-11-28 23:30:17.057 | INFO     | data_fetcher:_calculate_returns:253 - ✓ Calculated returns for 248 trading days
2025-11-28 23:30:17.080 | INFO     | monte_carlo_engine:__init__:118 - Initialized Monte Carlo Simulator
2025-11-28 23:30:17.081 | INFO     | monte_carlo_engine:__init__:119 - Assets: 4, Simulations: 10,000
2025-11-28 23:30:17.081 | INFO     | monte_carlo_engine:generate_random_portfolios:128 - Starting Monte Carlo simulation with 10,000 iterations...
2025-11-28 23:30:17.325 | INFO     | monte_carlo_engine:generate_random_portfolios:155 -   Progress: 2,000/10,000 (20.0%)
2025-11-28 23:30:17.554 | INFO     | monte_carlo_engine:generate_random_portfolios:155 -   Progress: 4,000/10,000 (40.0%)
2025-11-28 23:30:17.787 | INFO     | monte_carlo_engine:generate_random_portfolios:155 -   Progress: 6,000/10,000 (60.0%)
2025-11-28 23:30:18.016 | INFO     | monte_carlo_engine:generate_random_portfolios:155 -   Progress: 8,000/10,000 (80.0%)
2025-11-28 23:30:18.247 | INFO     | monte_carlo_engine:generate_random_portfolios:155 -   Progress: 10,000/10,000 (100.0%)
2025-11-28 23:30:18.248 | SUCCESS  | monte_carlo_engine:generate_random_portfolios:192 - ✓ Simulation complete in 1.17 seconds
2025-11-28 23:30:18.252 | INFO     | monte_carlo_engine:simulate_portfolio_paths:241 - Simulating 1,000 portfolio paths over 252 days...
2025-11-28 23:30:18.291 | SUCCESS  | monte_carlo_engine:simulate_portfolio_paths:301 - ✓ Portfolio paths simulated successfully
2025-11-28 23:30:18.294 | INFO     | __main__:__init__:159 - Initialized Risk Calculator
2025-11-28 23:30:18.294 | INFO     | __main__:generate_comprehensive_report:521 - Generating comprehensive risk report...
2025-11-28 23:30:18.298 | INFO     | __main__:stress_test:431 - Running stress tests...
2025-11-28 23:30:18.300 | SUCCESS  | __main__:stress_test:463 - ✓ Completed 6 stress test scenarios
2025-11-28 23:30:18.310 | SUCCESS  | __main__:export_risk_report:637 - ✓ Risk report exported to outputs/risk_analysis/
